<?xml version="1.0" encoding="UTF-8"?>
<!-- Generated by org.testng.reporters.JUnitReportReporter -->
<testsuite skipped="0" hostname="T4ublrlpusr010" name="script.ActionTest" tests="16" failures="0" timestamp="30 Oct 2018 07:54:29 GMT" time="58.476" errors="1">
  <testcase name="actiontest" time="33.770" classname="script.ActionTest"/>
  <testcase name="qtplanningtest" time="6.561" classname="script.ActionTest"/>
  <testcase name="customertypetest" time="0.780" classname="script.ActionTest"/>
  <testcase name="customernametest" time="0.885" classname="script.ActionTest"/>
  <testcase name="existingusernametest" time="1.207" classname="script.ActionTest"/>
  <testcase name="addsourcetest" time="0.344" classname="script.ActionTest"/>
  <testcase name="sourcetest" time="0.421" classname="script.ActionTest"/>
  <testcase name="adddesttest" time="0.403" classname="script.ActionTest"/>
  <testcase name="desttest" time="0.394" classname="script.ActionTest"/>
  <testcase name="addwaypointtest" time="0.510" classname="script.ActionTest"/>
  <testcase name="waypointtest" time="1.274" classname="script.ActionTest"/>
  <testcase name="timearoundtest" time="0.352" classname="script.ActionTest"/>
  <testcase name="routekeytest" time="0.424" classname="script.ActionTest"/>
  <testcase name="routeidtest" time="0.765" classname="script.ActionTest"/>
  <testcase name="savebuttontest" time="0.146" classname="script.ActionTest"/>
  <testcase name="vechilenotest" time="10.240" classname="script.ActionTest">
    <error type="org.openqa.selenium.NoSuchElementException" message="Cannot locate option with index: 30
For documentation on this error, please visit: http://seleniumhq.org/exceptions/no_such_element.html
Build info: version: &#039;3.14.0&#039;, revision: &#039;aacccce0&#039;, time: &#039;2018-08-02T20:13:22.693Z&#039;
System info: host: &#039;T4UBLRLPUSR010&#039;, ip: &#039;172.16.2.127&#039;, os.name: &#039;Windows 10&#039;, os.arch: &#039;amd64&#039;, os.version: &#039;10.0&#039;, java.version: &#039;1.8.0_181&#039;
Driver info: driver.version: unknown">
      <![CDATA[org.openqa.selenium.NoSuchElementException: Cannot locate option with index: 30
For documentation on this error, please visit: http://seleniumhq.org/exceptions/no_such_element.html
Build info: version: '3.14.0', revision: 'aacccce0', time: '2018-08-02T20:13:22.693Z'
System info: host: 'T4UBLRLPUSR010', ip: '172.16.2.127', os.name: 'Windows 10', os.arch: 'amd64', os.version: '10.0', java.version: '1.8.0_181'
Driver info: driver.version: unknown
at org.openqa.selenium.support.ui.Select.selectByIndex(Select.java:183)
at page.ActionPage.clickvechileno(ActionPage.java:182)
at script.ActionTest.vechilenotest(ActionTest.java:124)
at sun.reflect.NativeMethodAccessorImpl.invoke0(Native Method)
at sun.reflect.NativeMethodAccessorImpl.invoke(Unknown Source)
at sun.reflect.DelegatingMethodAccessorImpl.invoke(Unknown Source)
at java.lang.reflect.Method.invoke(Unknown Source)
at org.testng.internal.MethodInvocationHelper.invokeMethod(MethodInvocationHelper.java:124)
at org.testng.internal.Invoker.invokeMethod(Invoker.java:580)
at org.testng.internal.Invoker.invokeTestMethod(Invoker.java:716)
at org.testng.internal.Invoker.invokeTestMethods(Invoker.java:988)
at org.testng.internal.TestMethodWorker.invokeTestMethods(TestMethodWorker.java:125)
at org.testng.internal.TestMethodWorker.run(TestMethodWorker.java:109)
at org.testng.TestRunner.privateRun(TestRunner.java:648)
at org.testng.TestRunner.run(TestRunner.java:505)
at org.testng.SuiteRunner.runTest(SuiteRunner.java:455)
at org.testng.SuiteRunner.runSequentially(SuiteRunner.java:450)
at org.testng.SuiteRunner.privateRun(SuiteRunner.java:415)
at org.testng.SuiteRunner.run(SuiteRunner.java:364)
at org.testng.SuiteRunnerWorker.runSuite(SuiteRunnerWorker.java:52)
at org.testng.SuiteRunnerWorker.run(SuiteRunnerWorker.java:84)
at org.testng.TestNG.runSuitesSequentially(TestNG.java:1208)
at org.testng.TestNG.runSuitesLocally(TestNG.java:1137)
at org.testng.TestNG.runSuites(TestNG.java:1049)
at org.testng.TestNG.run(TestNG.java:1017)
at org.testng.remote.AbstractRemoteTestNG.run(AbstractRemoteTestNG.java:114)
at org.testng.remote.RemoteTestNG.initAndRun(RemoteTestNG.java:251)
at org.testng.remote.RemoteTestNG.main(RemoteTestNG.java:77)
]]>
    </error>
  </testcase> <!-- vechilenotest -->
</testsuite> <!-- script.ActionTest -->
